Shader: AnimationCooker/VtxAnimSimpleLit
Database saved to: Assets/ExampleScene/Scripts/Generated/AnimDb.cs
Output saved to: Assets/ExampleScene/Baked\LardAssSpider
Root Bone name: Master
Enum Declaration: enabled
Reset Rotation Before Bake: enabled
Reset Position Before Bake: enabled
Reset Scale Before Bake: disabled
Ignore Bone Meshes: disabled
Bone Adjust: disabled
5fps, 256x256, 1048KB
  0 Attack : 1.4s 7f [0..6]
  1 Die : 1.8s 9f [7..15]
  2 Idle : 2.4s 12f [16..27]
  3 Run : 0.6s 3f [28..30]
  4 Stagger : 1.6s 8f [31..38]
Expected frame count: 39, Actual frame count: 39
Expected point count: 52477, Actual point count: 52477
Fill ratio: 80.07813%.
5 clips, 5fps, 7.8s, 39f